<?xml version="1.0" encoding="UTF-8"?>
<!-- Generated by org.testng.reporters.JUnitXMLReporter -->
<testsuite hostname="DESKTOP-ST4RK9D" ignored="0" name="Default test" tests="3" failures="0" timestamp="10 Jan 2023 06:13:08 GMT" time="41.724" errors="0">
  <testcase name="VerifyFemaleButton" time="2.581" classname="com.obsqura.projectwithpom.RadioButtonTest"/>
  <testcase name="VerifyMaleButton" time="1.102" classname="com.obsqura.projectwithpom.RadioButtonTest"/>
  <testcase name="VerifyRadioButton" time="1.096" classname="com.obsqura.projectwithpom.RadioButtonTest"/>
</testsuite> <!-- Default test -->
