<?xml version="1.0" encoding="UTF-8"?>
<testng-results skipped="0" failed="0" ignored="1" total="3" passed="2">
  <reporter-output>
  </reporter-output>
  <suite name="Suite" duration-ms="28148" started-at="2023-01-30T03:44:09Z" finished-at="2023-01-30T03:44:37Z">
    <groups>
      <group name="smoke">
        <method signature="RadioButtonTest.VerifyFemaleButton()[pri:0, instance:com.obsqura.projectwithpom.RadioButtonTest@148080bb]" name="VerifyFemaleButton" class="com.obsqura.projectwithpom.RadioButtonTest"/>
      </group> <!-- smoke -->
      <group name="regretion">
        <method signature="RadioButtonTest.VerifyRadioButton()[pri:0, instance:com.obsqura.projectwithpom.RadioButtonTest@148080bb]" name="VerifyRadioButton" class="com.obsqura.projectwithpom.RadioButtonTest"/>
      </group> <!-- regretion -->
    </groups>
    <test name="Test" duration-ms="28148" started-at="2023-01-30T03:44:09Z" finished-at="2023-01-30T03:44:37Z">
      <class name="com.obsqura.projectwithpom.RadioButtonTest">
        <test-method status="PASS" signature="initialiseBrowser()[pri:0, instance:com.obsqura.projectwithpom.RadioButtonTest@148080bb]" name="initialiseBrowser" is-config="true" duration-ms="26" started-at="2023-01-30T09:14:09Z" finished-at="2023-01-30T09:14:09Z">
          <reporter-output>
          </reporter-output>
        </test-method> <!-- initialiseBrowser -->
        <test-method status="PASS" signature="initializeBrowser(java.lang.String)[pri:0, instance:com.obsqura.projectwithpom.RadioButtonTest@148080bb]" name="initializeBrowser" is-config="true" duration-ms="14423" started-at="2023-01-30T09:14:09Z" finished-at="2023-01-30T09:14:24Z">
          <params>
            <param index="0">
              <value>
                <![CDATA[chrome]]>
              </value>
            </param>
          </params>
          <reporter-output>
          </reporter-output>
        </test-method> <!-- initializeBrowser -->
        <test-method status="PASS" signature="VerifyFemaleButton()[pri:0, instance:com.obsqura.projectwithpom.RadioButtonTest@148080bb]" name="VerifyFemaleButton" duration-ms="2711" started-at="2023-01-30T09:14:24Z" finished-at="2023-01-30T09:14:26Z">
          <reporter-output>
          </reporter-output>
        </test-method> <!-- VerifyFemaleButton -->
        <test-method status="PASS" signature="initialiseBrowser()[pri:0, instance:com.obsqura.projectwithpom.RadioButtonTest@148080bb]" name="initialiseBrowser" is-config="true" duration-ms="10" started-at="2023-01-30T09:14:26Z" finished-at="2023-01-30T09:14:26Z">
          <reporter-output>
          </reporter-output>
        </test-method> <!-- initialiseBrowser -->
        <test-method status="PASS" signature="initializeBrowser(java.lang.String)[pri:0, instance:com.obsqura.projectwithpom.RadioButtonTest@148080bb]" name="initializeBrowser" is-config="true" duration-ms="9878" started-at="2023-01-30T09:14:26Z" finished-at="2023-01-30T09:14:36Z">
          <params>
            <param index="0">
              <value>
                <![CDATA[chrome]]>
              </value>
            </param>
          </params>
          <reporter-output>
          </reporter-output>
        </test-method> <!-- initializeBrowser -->
        <test-method status="PASS" signature="VerifyRadioButton()[pri:0, instance:com.obsqura.projectwithpom.RadioButtonTest@148080bb]" name="VerifyRadioButton" duration-ms="1027" started-at="2023-01-30T09:14:36Z" finished-at="2023-01-30T09:14:37Z">
          <reporter-output>
          </reporter-output>
        </test-method> <!-- VerifyRadioButton -->
      </class> <!-- com.obsqura.projectwithpom.RadioButtonTest -->
    </test> <!-- Test -->
  </suite> <!-- Suite -->
</testng-results>
