<?xml version="1.0" encoding="UTF-8"?>
<!-- Generated by org.testng.reporters.JUnitXMLReporter -->
<testsuite hostname="DESKTOP-ST4RK9D" ignored="1" name="Test" tests="2" failures="0" timestamp="30 Jan 2023 03:44:37 GMT" time="28.148" errors="0">
  <testcase name="VerifyFemaleButton" time="2.711" classname="com.obsqura.projectwithpom.RadioButtonTest"/>
  <testcase name="VerifyRadioButton" time="1.027" classname="com.obsqura.projectwithpom.RadioButtonTest"/>
  <testcase name="VerifyMaleButton" time="0.0" classname="com.obsqura.projectwithpom.RadioButtonTest">
    <ignored/>
  </testcase> <!-- VerifyMaleButton -->
</testsuite> <!-- Test -->
